0 info it worked if it ends with ok
1 verbose cli [ 'C:\\Program Files\\nodejs\\node.exe',
1 verbose cli   'C:\\Program Files\\nodejs\\node_modules\\npm\\bin\\npm-cli.js',
1 verbose cli   'test' ]
2 info using npm@3.10.9
3 info using node@v6.9.2
4 verbose run-script [ 'pretest', 'test', 'posttest' ]
5 info lifecycle cdp_aqa_q3q4_2016@1.0.0~pretest: cdp_aqa_q3q4_2016@1.0.0
6 silly lifecycle cdp_aqa_q3q4_2016@1.0.0~pretest: no script for pretest, continuing
7 info lifecycle cdp_aqa_q3q4_2016@1.0.0~test: cdp_aqa_q3q4_2016@1.0.0
8 verbose lifecycle cdp_aqa_q3q4_2016@1.0.0~test: unsafe-perm in lifecycle true
9 verbose lifecycle cdp_aqa_q3q4_2016@1.0.0~test: PATH: C:\Program Files\nodejs\node_modules\npm\bin\node-gyp-bin;D:\CDP_Program\cdp_aqa_q3q4_2016\Task10\node_modules\.bin;C:\oraclexe\Oracle\app\oracle\product\11.2.0\server\bin;;C:\ProgramData\Oracle\Java\javapath;C:\WINDOWS\system32;C:\WINDOWS;C:\WINDOWS\System32\Wbem;C:\WINDOWS\System32\WindowsPowerShell\v1.0\;C:\Program Files\TortoiseSVN\bin;C:\Users\Valeriia_Trumanidze\.dnx\bin;C:\Program Files\Microsoft DNX\Dnvm\;C:\Program Files (x86)\Microsoft SQL Server\110\Tools\Binn\;C:\Program Files\Microsoft SQL Server\110\Tools\Binn\;C:\Program Files\Microsoft SQL Server\110\DTS\Binn\;C:\Program Files (x86)\Microsoft SQL Server\110\Tools\Binn\ManagementStudio\;C:\Program Files (x86)\Microsoft SQL Server\110\DTS\Binn\;C:\Program Files\Java\jdk1.8.0_77\bin;C:\Program Files\Java\apache-maven-3.3.3\bin;C:\Program Files\Java\apache-maven-3.3.3;C:\Program Files (x86)\MySQL\MySQL Fabric 1.5 & MySQL Utilities 1.5\;C:\Program Files (x86)\MySQL\MySQL Fabric 1.5 & MySQL Utilities 1.5\Doctrine extensions for PHP\;C:\Program Files (x86)\Skype\Phone\;D:\Pict\;C:\Program Files (x86)\Microsoft Emulator Manager\1.0\;D:\apache-tomcat-8.5.8\bin;C:\Program Files\Gradle\gradle-3.2\gradle-3.2\bin;C:\Program Files\apache-ant-1.9.7-bin\apache-ant-1.9.7\bin;C:\Program Files\nodejs\;C:\Users\Valeriia_Trumanidze\AppData\Roaming\npm
10 verbose lifecycle cdp_aqa_q3q4_2016@1.0.0~test: CWD: D:\CDP_Program\cdp_aqa_q3q4_2016\Task10
11 silly lifecycle cdp_aqa_q3q4_2016@1.0.0~test: Args: [ '/d /s /c', 'protractor conf.js' ]
12 silly lifecycle cdp_aqa_q3q4_2016@1.0.0~test: Returned: code: 3221225786  signal: null
13 info lifecycle cdp_aqa_q3q4_2016@1.0.0~test: Failed to exec test script
14 error Test failed.  See above for more details.
15 verbose exit [ 1, true ]
16 verbose stack Error: kill ENOSYS
16 verbose stack     at exports._errnoException (util.js:1022:11)
16 verbose stack     at process.kill (internal/process.js:172:13)
16 verbose stack     at process.listener (C:\Program Files\nodejs\node_modules\npm\node_modules\npmlog\node_modules\gauge\node_modules\signal-exit\index.js:86:15)
16 verbose stack     at emitNone (events.js:91:20)
16 verbose stack     at process.emit (events.js:185:7)
16 verbose stack     at processEmit (C:\Program Files\nodejs\node_modules\npm\node_modules\npmlog\node_modules\gauge\node_modules\signal-exit\index.js:146:32)
16 verbose stack     at processEmit (C:\Program Files\nodejs\node_modules\npm\node_modules\npm-registry-client\node_modules\npmlog\node_modules\gauge\node_modules\signal-exit\index.js:146:32)
16 verbose stack     at Signal.wrap.onsignal (internal/process.js:199:44)
17 verbose cwd D:\CDP_Program\cdp_aqa_q3q4_2016\Task10
18 error Windows_NT 10.0.10240
19 error argv "C:\\Program Files\\nodejs\\node.exe" "C:\\Program Files\\nodejs\\node_modules\\npm\\bin\\npm-cli.js" "test"
20 error node v6.9.2
21 error npm  v3.10.9
22 error code ENOSYS
23 error errno ENOSYS
24 error syscall kill
25 error kill ENOSYS
26 error If you need help, you may report this error at:
26 error     <https://github.com/npm/npm/issues>
27 verbose exit [ 1, true ]
